==============================================================================
Tests
==============================================================================
Tests.Api
==============================================================================
Tests.Api.Test Api
==============================================================================
Get All Products                                                      | PASS |
------------------------------------------------------------------------------
Create New Post                                                       | FAIL |
HTTPError: 404 Client Error: Not Found for url: https://practice.expandtesting.com/products/add
------------------------------------------------------------------------------
Tests.Api.Test Api                                                    | FAIL |
2 tests, 1 passed, 1 failed
==============================================================================
Tests.Api                                                             | FAIL |
2 tests, 1 passed, 1 failed
==============================================================================
Tests                                                                 | FAIL |
2 tests, 1 passed, 1 failed
==============================================================================
Output:  C:\Users\afiac\PycharmProjects\Projet_entreprise2\pabot_results\0\output.xml
