[INFO]    Initialized logging in resultats\pabot_results
[INFO]    Robot Framework remote server at 127.0.0.1:8270 started.
[DEBUG]   Storing .pabotsuitenames file
[DEBUG]   2026-04-01 19:03:03.721378 [PID:38844] [3] [ID:3] EXECUTING Tests.Ui.Login.Connexion avec des identifiants vident
[DEBUG]   2026-04-01 19:03:03.721607 [PID:29564] [2] [ID:1] EXECUTING Tests.Ui.Login.Connexion avec des identifiants valident
[DEBUG]   2026-04-01 19:03:03.722510 [PID:18320] [1] [ID:0] EXECUTING Tests.Ui.Connexion Bd.Connexion bd valide
[DEBUG]   2026-04-01 19:03:03.724616 [PID:25288] [0] [ID:2] EXECUTING Tests.Ui.Login.Connexion avec des identifiants invalident
[INFO]    2026-04-01 19:03:07.596796 [PID:18320] [1] [ID:0] PASSED Tests.Ui.Connexion Bd.Connexion bd valide in 3.9 seconds
[DEBUG]   2026-04-01 19:03:07.698014 [PID:996] [0] [ID:4] EXECUTING Tests.Ui.Test.Open Google
[DEBUG]   2026-04-01 19:03:08.820403 [PID:29564] [2] [ID:1] still running Tests.Ui.Login.Connexion avec des identifiants valident after 5.0s
[DEBUG]   2026-04-01 19:03:08.842811 [PID:25288] [0] [ID:2] still running Tests.Ui.Login.Connexion avec des identifiants invalident after 5.0s
[DEBUG]   2026-04-01 19:03:08.943373 [PID:38844] [3] [ID:3] still running Tests.Ui.Login.Connexion avec des identifiants vident after 5.0s
[DEBUG]   2026-04-01 19:03:12.996272 [PID:996] [0] [ID:4] still running Tests.Ui.Test.Open Google after 5.0s
[INFO]    2026-04-01 19:03:14.941806 [PID:38844] [3] [ID:3] PASSED Tests.Ui.Login.Connexion avec des identifiants vident in 11.3 seconds
[INFO]    2026-04-01 19:03:15.272363 [PID:996] [0] [ID:4] PASSED Tests.Ui.Test.Open Google in 7.7 seconds
[INFO]    2026-04-01 19:03:17.749052 [PID:29564] [2] [ID:1] PASSED Tests.Ui.Login.Connexion avec des identifiants valident in 14.1 seconds
[INFO]    2026-04-01 19:03:17.905795 [PID:25288] [0] [ID:2] PASSED Tests.Ui.Login.Connexion avec des identifiants invalident in 14.2 seconds
[INFO]    5 tests, 5 passed, 0 failed, 0 skipped.
[INFO]    ===================================================
[INFO]    Output:  C:\Users\afiac\PycharmProjects\Projet_entreprise2\resultats\output.xml
[INFO]    Log:     C:\Users\afiac\PycharmProjects\Projet_entreprise2\resultats\log.html
[INFO]    Report:  C:\Users\afiac\PycharmProjects\Projet_entreprise2\resultats\report.html
[DEBUG]   Finalizing Pabot execution...
[DEBUG]   Stopping PabotLib process
[INFO]    Robot Framework remote server at 127.0.0.1:8270 stopped.
[DEBUG]   PabotLib process stopped
[INFO]    Total testing: 51.20 seconds
[INFO]    Elapsed time:  15.22 seconds
[DEBUG]   Logs flushed successfully.
