==============================================================================
Tests
==============================================================================
Tests.Ui
==============================================================================
Tests.Ui.Login
==============================================================================
Connexion avec des identifiants valident                              | PASS |
------------------------------------------------------------------------------
Connexion avec des identifiants invalident                            | PASS |
------------------------------------------------------------------------------
Connexion avec des identifiants vident                                | PASS |
------------------------------------------------------------------------------
Tests.Ui.Login                                                        | PASS |
3 tests, 3 passed, 0 failed
==============================================================================
Tests.Ui                                                              | PASS |
3 tests, 3 passed, 0 failed
==============================================================================
Tests                                                                 | PASS |
3 tests, 3 passed, 0 failed
==============================================================================
Output:  C:\Users\afiac\PycharmProjects\Projet_entreprise2\pabot_results\4\output.xml
