2026-05-05 00:34:17.968590 ==============================================================================
2026-05-05 00:34:18.025758 Tests
2026-05-05 00:34:18.025899 ==============================================================================
2026-05-05 00:34:18.026001 Tests.Ui
2026-05-05 00:34:18.028928 ==============================================================================
2026-05-05 00:34:19.485733 Tests.Ui.Login
2026-05-05 00:34:19.486802 ==============================================================================
2026-05-05 00:34:28.299126 Connexion avec des identifiants valident                              | PASS |
2026-05-05 00:34:28.326947 ------------------------------------------------------------------------------
2026-05-05 00:34:33.449131 Connexion avec des identifiants invalident                            | PASS |
2026-05-05 00:34:33.474730 ------------------------------------------------------------------------------
2026-05-05 00:34:36.835341 Connexion avec des identifiants vident                                | PASS |
2026-05-05 00:34:36.843278 ------------------------------------------------------------------------------
2026-05-05 00:34:37.211198 Tests.Ui.Login                                                        | PASS |
2026-05-05 00:34:37.251208 3 tests, 3 passed, 0 failed
2026-05-05 00:34:37.251304 ==============================================================================
2026-05-05 00:34:37.251425 Tests.Ui                                                              | PASS |
2026-05-05 00:34:37.251764 3 tests, 3 passed, 0 failed
2026-05-05 00:34:37.251836 ==============================================================================
2026-05-05 00:34:37.251886 Tests                                                                 | PASS |
2026-05-05 00:34:37.252497 3 tests, 3 passed, 0 failed
2026-05-05 00:34:37.252580 ==============================================================================
2026-05-05 00:34:37.252628 Output:  C:\Users\afiac\PycharmProjects\Projet_entreprise2\pabot_results\4\output.xml
