2026-05-05 00:34:18.003356 ==============================================================================
2026-05-05 00:34:18.033240 Tests
2026-05-05 00:34:18.033330 ==============================================================================
2026-05-05 00:34:18.033374 Tests.Ui
2026-05-05 00:34:18.035257 ==============================================================================
2026-05-05 00:34:18.590803 Tests.Ui.Test
2026-05-05 00:34:18.597876 ==============================================================================
2026-05-05 00:34:23.977247 Open Google                                                           | PASS |
2026-05-05 00:34:24.027735 ------------------------------------------------------------------------------
2026-05-05 00:34:30.383604 Test de iframe                                                        | PASS |
2026-05-05 00:34:30.581081 ------------------------------------------------------------------------------
2026-05-05 00:34:35.196851 Test sur les alertes                                                  | PASS |
2026-05-05 00:34:35.197838 ------------------------------------------------------------------------------
2026-05-05 00:34:35.198068 Tests.Ui.Test                                                         | PASS |
2026-05-05 00:34:35.215331 3 tests, 3 passed, 0 failed
2026-05-05 00:34:35.217660 ==============================================================================
2026-05-05 00:34:35.217913 Tests.Ui                                                              | PASS |
2026-05-05 00:34:35.218013 3 tests, 3 passed, 0 failed
2026-05-05 00:34:35.218108 ==============================================================================
2026-05-05 00:34:35.218152 Tests                                                                 | PASS |
2026-05-05 00:34:35.218175 3 tests, 3 passed, 0 failed
2026-05-05 00:34:35.218197 ==============================================================================
2026-05-05 00:34:35.218607 Output:  C:\Users\afiac\PycharmProjects\Projet_entreprise2\pabot_results\5\output.xml
