==============================================================================
Tests
==============================================================================
Tests.Ui
==============================================================================
Tests.Ui.Test
==============================================================================
Open Google                                                           | PASS |
------------------------------------------------------------------------------
Test de iframe                                                        | PASS |
------------------------------------------------------------------------------
Test sur les alertes                                                  | PASS |
------------------------------------------------------------------------------
Tests.Ui.Test                                                         | PASS |
3 tests, 3 passed, 0 failed
==============================================================================
Tests.Ui                                                              | PASS |
3 tests, 3 passed, 0 failed
==============================================================================
Tests                                                                 | PASS |
3 tests, 3 passed, 0 failed
==============================================================================
Output:  C:\Users\afiac\PycharmProjects\Projet_entreprise2\pabot_results\5\output.xml
